# JRE version: Java(TM) SE Runtime Environment 18.9 (11.0.9+7) (build 11.0.9+7-LTS)
# Java VM: Java HotSpot(TM) 64-Bit Server VM 18.9 (11.0.9+7-LTS, mixed mode, tiered, compressed oops, g1 gc, windows-amd64)
Heap:
 garbage-first heap   total 315392K, used 15022K [0x0000000701c00000, 0x0000000800000000)
  region size 1024K, 8 young (8192K), 8 survivors (8192K)
 Metaspace       used 35225K, capacity 36405K, committed 36604K, reserved 1081344K
  class space    used 4440K, capacity 4904K, committed 4940K, reserved 1048576K
GC Heap History (10 events):
Event: 0.505 GC heap after
{Heap after GC invocations=1 (full 0):
 garbage-first heap   total 262144K, used 5000K [0x0000000701c00000, 0x0000000800000000)
  region size 1024K, 2 young (2048K), 2 survivors (2048K)
 Metaspace       used 8586K, capacity 8760K, committed 8960K, reserved 1056768K
  class space    used 858K, capacity 927K, committed 1024K, reserved 1048576K
}
Event: 1.216 GC heap before
{Heap before GC invocations=1 (full 0):
 garbage-first heap   total 262144K, used 15240K [0x0000000701c00000, 0x0000000800000000)
  region size 1024K, 12 young (12288K), 2 survivors (2048K)
 Metaspace       used 14128K, capacity 14592K, committed 14848K, reserved 1062912K
  class space    used 1505K, capacity 1673K, committed 1792K, reserved 1048576K
}
Event: 1.220 GC heap after
{Heap after GC invocations=2 (full 0):
 garbage-first heap   total 262144K, used 6956K [0x0000000701c00000, 0x0000000800000000)
  region size 1024K, 2 young (2048K), 2 survivors (2048K)
 Metaspace       used 14128K, capacity 14592K, committed 14848K, reserved 1062912K
  class space    used 1505K, capacity 1673K, committed 1792K, reserved 1048576K
}
Event: 2.484 GC heap before
{Heap before GC invocations=2 (full 0):
 garbage-first heap   total 262144K, used 33580K [0x0000000701c00000, 0x0000000800000000)
  region size 1024K, 28 young (28672K), 2 survivors (2048K)
 Metaspace       used 19165K, capacity 19847K, committed 19968K, reserved 1067008K
  class space    used 2212K, capacity 2485K, committed 2560K, reserved 1048576K
}
Event: 2.489 GC heap after
{Heap after GC invocations=3 (full 0):
 garbage-first heap   total 262144K, used 8432K [0x0000000701c00000, 0x0000000800000000)
  region size 1024K, 4 young (4096K), 4 survivors (4096K)
 Metaspace       used 19165K, capacity 19847K, committed 19968K, reserved 1067008K
  class space    used 2212K, capacity 2485K, committed 2560K, reserved 1048576K
}
Event: 2.598 GC heap before
{Heap before GC invocations=3 (full 0):
 garbage-first heap   total 262144K, used 14576K [0x0000000701c00000, 0x0000000800000000)
  region size 1024K, 11 young (11264K), 4 survivors (4096K)
 Metaspace       used 20472K, capacity 21178K, committed 21296K, reserved 1069056K
  class space    used 2377K, capacity 2652K, committed 2688K, reserved 1048576K
}
Event: 2.603 GC heap after
{Heap after GC invocations=4 (full 0):
 garbage-first heap   total 262144K, used 9164K [0x0000000701c00000, 0x0000000800000000)
  region size 1024K, 3 young (3072K), 3 survivors (3072K)
 Metaspace       used 20472K, capacity 21178K, committed 21296K, reserved 1069056K
  class space    used 2377K, capacity 2652K, committed 2688K, reserved 1048576K
}
Event: 3.215 GC heap before
{Heap before GC invocations=5 (full 0):
 garbage-first heap   total 262144K, used 53196K [0x0000000701c00000, 0x0000000800000000)
  region size 1024K, 47 young (48128K), 3 survivors (3072K)
 Metaspace       used 26164K, capacity 27093K, committed 27388K, reserved 1073152K
  class space    used 3242K, capacity 3600K, committed 3660K, reserved 1048576K
}
Event: 3.221 GC heap after
{Heap after GC invocations=6 (full 0):
 garbage-first heap   total 262144K, used 10926K [0x0000000701c00000, 0x0000000800000000)
  region size 1024K, 4 young (4096K), 4 survivors (4096K)
 Metaspace       used 26164K, capacity 27093K, committed 27388K, reserved 1073152K
  class space    used 3242K, capacity 3600K, committed 3660K, reserved 1048576K
}
Event: 5.099 GC heap before
{Heap before GC invocations=7 (full 0):
 garbage-first heap   total 262144K, used 111278K [0x0000000701c00000, 0x0000000800000000)
  region size 1024K, 103 young (105472K), 4 survivors (4096K)
 Metaspace       used 35225K, capacity 36405K, committed 36604K, reserved 1081344K
  class space    used 4440K, capacity 4904K, committed 4940K, reserved 1048576K
}

